{"/home/masterjayjay/teste/csv1/backend/src/controllers/csv/csvController.ts": {"path":"/home/masterjayjay/teste/csv1/backend/src/controllers/csv/csvController.ts","statementMap":{"0":{"start":{"line":3,"column":0},"end":{"line":3,"column":30}},"1":{"start":{"line":4,"column":0},"end":{"line":4,"column":61}},"2":{"start":{"line":6,"column":0},"end":{"line":6,"column":67}},"3":{"start":{"line":7,"column":0},"end":{"line":7,"column":61}},"4":{"start":{"line":10,"column":4},"end":{"line":20,"column":null}},"5":{"start":{"line":10,"column":64},"end":{"line":20,"column":null}},"6":{"start":{"line":11,"column":8},"end":{"line":19,"column":null}},"7":{"start":{"line":12,"column":25},"end":{"line":12,"column":33}},"8":{"start":{"line":13,"column":12},"end":{"line":13,"column":41}},"9":{"start":{"line":14,"column":12},"end":{"line":14,"column":92}},"10":{"start":{"line":16,"column":12},"end":{"line":18,"column":null}},"11":{"start":{"line":17,"column":16},"end":{"line":17,"column":38}},"12":{"start":{"line":23,"column":4},"end":{"line":35,"column":6}},"13":{"start":{"line":23,"column":61},"end":{"line":35,"column":6}},"14":{"start":{"line":24,"column":8},"end":{"line":34,"column":null}},"15":{"start":{"line":25,"column":26},"end":{"line":25,"column":35}},"16":{"start":{"line":26,"column":25},"end":{"line":26,"column":47}},"17":{"start":{"line":27,"column":12},"end":{"line":27,"column":46}},"18":{"start":{"line":29,"column":12},"end":{"line":33,"column":null}},"19":{"start":{"line":30,"column":16},"end":{"line":30,"column":38}},"20":{"start":{"line":32,"column":16},"end":{"line":32,"column":65}},"21":{"start":{"line":9,"column":0},"end":{"line":9,"column":13}}},"fnMap":{"0":{"name":"(anonymous_8)","decl":{"start":{"line":9,"column":0},"end":{"line":9,"column":13}},"loc":{"start":{"line":9,"column":0},"end":{"line":36,"column":1}}},"1":{"name":"(anonymous_9)","decl":{"start":{"line":10,"column":26},"end":{"line":10,"column":33}},"loc":{"start":{"line":10,"column":64},"end":{"line":20,"column":null}}},"2":{"name":"(anonymous_10)","decl":{"start":{"line":10,"column":64},"end":{"line":10,"column":null}},"loc":{"start":{"line":10,"column":64},"end":{"line":20,"column":5}}},"3":{"name":"(anonymous_11)","decl":{"start":{"line":23,"column":23},"end":{"line":23,"column":30}},"loc":{"start":{"line":23,"column":61},"end":{"line":35,"column":6}}},"4":{"name":"(anonymous_12)","decl":{"start":{"line":23,"column":61},"end":{"line":23,"column":null}},"loc":{"start":{"line":23,"column":61},"end":{"line":35,"column":5}}}},"branchMap":{"0":{"loc":{"start":{"line":16,"column":12},"end":{"line":18,"column":null}},"type":"if","locations":[{"start":{"line":16,"column":12},"end":{"line":18,"column":null}}]},"1":{"loc":{"start":{"line":29,"column":12},"end":{"line":33,"column":null}},"type":"if","locations":[{"start":{"line":29,"column":12},"end":{"line":33,"column":null}},{"start":{"line":31,"column":19},"end":{"line":33,"column":null}}]}},"s":{"0":1,"1":1,"2":1,"3":1,"4":4,"5":2,"6":2,"7":2,"8":2,"9":1,"10":1,"11":1,"12":4,"13":2,"14":2,"15":2,"16":2,"17":1,"18":1,"19":1,"20":0,"21":1},"f":{"0":4,"1":2,"2":2,"3":2,"4":2},"b":{"0":[1],"1":[1,0]}}
,"/home/masterjayjay/teste/csv1/backend/src/erros/AppErros.ts": {"path":"/home/masterjayjay/teste/csv1/backend/src/erros/AppErros.ts","statementMap":{"0":{"start":{"line":8,"column":8},"end":{"line":8,"column":37}},"1":{"start":{"line":9,"column":8},"end":{"line":9,"column":31}},"2":{"start":{"line":3,"column":0},"end":{"line":3,"column":13}},"3":{"start":{"line":12,"column":27},"end":{"line":20,"column":1}},"4":{"start":{"line":13,"column":24},"end":{"line":13,"column":27}},"5":{"start":{"line":15,"column":4},"end":{"line":19,"column":7}},"6":{"start":{"line":12,"column":13},"end":{"line":12,"column":27}}},"fnMap":{"0":{"name":"(anonymous_0)","decl":{"start":{"line":7,"column":4},"end":{"line":7,"column":16}},"loc":{"start":{"line":7,"column":51},"end":{"line":10,"column":5}}},"1":{"name":"(anonymous_1)","decl":{"start":{"line":12,"column":27},"end":{"line":12,"column":28}},"loc":{"start":{"line":12,"column":60},"end":{"line":20,"column":1}}}},"branchMap":{},"s":{"0":2,"1":2,"2":2,"3":2,"4":2,"5":2,"6":2},"f":{"0":2,"1":2},"b":{}}
,"/home/masterjayjay/teste/csv1/backend/src/services/csv/csvCreateService.ts": {"path":"/home/masterjayjay/teste/csv1/backend/src/services/csv/csvCreateService.ts","statementMap":{"0":{"start":{"line":1,"column":0},"end":{"line":1,"column":48}},"1":{"start":{"line":4,"column":16},"end":{"line":4,"column":44}},"2":{"start":{"line":5,"column":11},"end":{"line":5,"column":47}},"3":{"start":{"line":7,"column":25},"end":{"line":58,"column":2}},"4":{"start":{"line":7,"column":54},"end":{"line":58,"column":2}},"5":{"start":{"line":8,"column":29},"end":{"line":8,"column":74}},"6":{"start":{"line":9,"column":22},"end":{"line":17,"column":6}},"7":{"start":{"line":10,"column":21},"end":{"line":10,"column":35}},"8":{"start":{"line":11,"column":8},"end":{"line":15,"column":null}},"9":{"start":{"line":12,"column":12},"end":{"line":14,"column":null}},"10":{"start":{"line":13,"column":16},"end":{"line":13,"column":71}},"11":{"start":{"line":16,"column":8},"end":{"line":16,"column":20}},"12":{"start":{"line":19,"column":4},"end":{"line":21,"column":null}},"13":{"start":{"line":20,"column":8},"end":{"line":20,"column":48}},"14":{"start":{"line":23,"column":4},"end":{"line":57,"column":7}},"15":{"start":{"line":24,"column":8},"end":{"line":56,"column":11}},"16":{"start":{"line":25,"column":12},"end":{"line":55,"column":null}},"17":{"start":{"line":26,"column":16},"end":{"line":26,"column":42}},"18":{"start":{"line":27,"column":16},"end":{"line":29,"column":18}},"19":{"start":{"line":31,"column":31},"end":{"line":32,"column":null}},"20":{"start":{"line":35,"column":16},"end":{"line":42,"column":19}},"21":{"start":{"line":36,"column":20},"end":{"line":41,"column":22}},"22":{"start":{"line":44,"column":16},"end":{"line":44,"column":34}},"23":{"start":{"line":46,"column":16},"end":{"line":52,"column":19}},"24":{"start":{"line":47,"column":20},"end":{"line":51,"column":null}},"25":{"start":{"line":48,"column":24},"end":{"line":48,"column":66}},"26":{"start":{"line":50,"column":24},"end":{"line":50,"column":45}},"27":{"start":{"line":54,"column":16},"end":{"line":54,"column":47}},"28":{"start":{"line":60,"column":0},"end":{"line":60,"column":32}}},"fnMap":{"0":{"name":"(anonymous_7)","decl":{"start":{"line":7,"column":25},"end":{"line":7,"column":32}},"loc":{"start":{"line":7,"column":54},"end":{"line":58,"column":2}}},"1":{"name":"(anonymous_8)","decl":{"start":{"line":7,"column":54},"end":{"line":7,"column":null}},"loc":{"start":{"line":7,"column":54},"end":{"line":58,"column":1}}},"2":{"name":"(anonymous_9)","decl":{"start":{"line":9,"column":34},"end":{"line":9,"column":35}},"loc":{"start":{"line":9,"column":40},"end":{"line":17,"column":5}}},"3":{"name":"(anonymous_10)","decl":{"start":{"line":23,"column":23},"end":{"line":23,"column":24}},"loc":{"start":{"line":23,"column":43},"end":{"line":57,"column":5}}},"4":{"name":"(anonymous_11)","decl":{"start":{"line":24,"column":21},"end":{"line":24,"column":null}},"loc":{"start":{"line":24,"column":21},"end":{"line":56,"column":9}}},"5":{"name":"(anonymous_12)","decl":{"start":{"line":35,"column":29},"end":{"line":35,"column":30}},"loc":{"start":{"line":35,"column":38},"end":{"line":42,"column":17}}},"6":{"name":"(anonymous_13)","decl":{"start":{"line":46,"column":44},"end":{"line":46,"column":45}},"loc":{"start":{"line":46,"column":77},"end":{"line":52,"column":17}}}},"branchMap":{"0":{"loc":{"start":{"line":12,"column":12},"end":{"line":14,"column":null}},"type":"if","locations":[{"start":{"line":12,"column":12},"end":{"line":14,"column":null}}]},"1":{"loc":{"start":{"line":19,"column":4},"end":{"line":21,"column":null}},"type":"if","locations":[{"start":{"line":19,"column":4},"end":{"line":21,"column":null}}]},"2":{"loc":{"start":{"line":47,"column":20},"end":{"line":51,"column":null}},"type":"if","locations":[{"start":{"line":47,"column":20},"end":{"line":51,"column":null}},{"start":{"line":49,"column":27},"end":{"line":51,"column":null}}]}},"s":{"0":1,"1":1,"2":1,"3":1,"4":0,"5":0,"6":0,"7":0,"8":0,"9":0,"10":0,"11":0,"12":0,"13":0,"14":0,"15":0,"16":0,"17":0,"18":0,"19":0,"20":0,"21":0,"22":0,"23":0,"24":0,"25":0,"26":0,"27":0,"28":1},"f":{"0":0,"1":0,"2":0,"3":0,"4":0,"5":0,"6":0},"b":{"0":[0],"1":[0],"2":[0,0]}}
,"/home/masterjayjay/teste/csv1/backend/src/services/csv/csvGetService.ts": {"path":"/home/masterjayjay/teste/csv1/backend/src/services/csv/csvGetService.ts","statementMap":{"0":{"start":{"line":2,"column":16},"end":{"line":2,"column":44}},"1":{"start":{"line":4,"column":11},"end":{"line":4,"column":47}},"2":{"start":{"line":6,"column":22},"end":{"line":34,"column":null}},"3":{"start":{"line":6,"column":47},"end":{"line":34,"column":null}},"4":{"start":{"line":7,"column":2},"end":{"line":33,"column":5}},"5":{"start":{"line":8,"column":4},"end":{"line":32,"column":7}},"6":{"start":{"line":9,"column":6},"end":{"line":17,"column":null}},"7":{"start":{"line":10,"column":8},"end":{"line":16,"column":11}},"8":{"start":{"line":11,"column":10},"end":{"line":15,"column":null}},"9":{"start":{"line":12,"column":12},"end":{"line":12,"column":47}},"10":{"start":{"line":14,"column":12},"end":{"line":14,"column":26}},"11":{"start":{"line":19,"column":18},"end":{"line":23,"column":8}},"12":{"start":{"line":25,"column":25},"end":{"line":25,"column":33}},"13":{"start":{"line":26,"column":6},"end":{"line":31,"column":9}},"14":{"start":{"line":27,"column":8},"end":{"line":29,"column":null}},"15":{"start":{"line":28,"column":10},"end":{"line":28,"column":52}},"16":{"start":{"line":30,"column":8},"end":{"line":30,"column":29}},"17":{"start":{"line":36,"column":0},"end":{"line":36,"column":29}}},"fnMap":{"0":{"name":"(anonymous_7)","decl":{"start":{"line":6,"column":22},"end":{"line":6,"column":29}},"loc":{"start":{"line":6,"column":47},"end":{"line":34,"column":null}}},"1":{"name":"(anonymous_8)","decl":{"start":{"line":6,"column":47},"end":{"line":6,"column":null}},"loc":{"start":{"line":6,"column":47},"end":{"line":34,"column":1}}},"2":{"name":"(anonymous_9)","decl":{"start":{"line":7,"column":21},"end":{"line":7,"column":22}},"loc":{"start":{"line":7,"column":41},"end":{"line":33,"column":3}}},"3":{"name":"(anonymous_10)","decl":{"start":{"line":8,"column":17},"end":{"line":8,"column":null}},"loc":{"start":{"line":8,"column":17},"end":{"line":32,"column":5}}},"4":{"name":"(anonymous_11)","decl":{"start":{"line":10,"column":43},"end":{"line":10,"column":44}},"loc":{"start":{"line":10,"column":76},"end":{"line":16,"column":9}}},"5":{"name":"(anonymous_12)","decl":{"start":{"line":26,"column":68},"end":{"line":26,"column":69}},"loc":{"start":{"line":26,"column":101},"end":{"line":31,"column":7}}}},"branchMap":{"0":{"loc":{"start":{"line":9,"column":6},"end":{"line":17,"column":null}},"type":"if","locations":[{"start":{"line":9,"column":6},"end":{"line":17,"column":null}}]},"1":{"loc":{"start":{"line":11,"column":10},"end":{"line":15,"column":null}},"type":"if","locations":[{"start":{"line":11,"column":10},"end":{"line":15,"column":null}},{"start":{"line":13,"column":17},"end":{"line":15,"column":null}}]},"2":{"loc":{"start":{"line":27,"column":8},"end":{"line":29,"column":null}},"type":"if","locations":[{"start":{"line":27,"column":8},"end":{"line":29,"column":null}}]}},"s":{"0":1,"1":1,"2":1,"3":0,"4":0,"5":0,"6":0,"7":0,"8":0,"9":0,"10":0,"11":0,"12":0,"13":0,"14":0,"15":0,"16":0,"17":1},"f":{"0":0,"1":0,"2":0,"3":0,"4":0,"5":0},"b":{"0":[0],"1":[0,0],"2":[0]}}
}
